<?xml version="1.0" encoding="UTF-8"?>
<testsuites name="Staging Smoke Test Suite" time="73" tests="0" failures="1" errors="0">
   <testsuite name="Staging Smoke Test Suite" tests="0" failures="1" errors="0" time="73" timestamp="2018-05-23 13:43:29" hostname="KSavinkin - LPksavinkin.TC.local" id="Test Suites/Staging Smoke Test Suite">
      <properties>
         <property name="deviceName" value=""/>
         <property name="devicePlatform" value=""/>
         <property name="logFolder" value="C:\\Projects\\instaVIN\\tests\\instaVIN\\Reports\\Staging Smoke Test Suite\\20180523_134327"/>
         <property name="logFiles" value="C:\\Projects\\instaVIN\\tests\\instaVIN\\Reports\\Staging Smoke Test Suite\\20180523_134327\\execution0.log"/>
         <property name="attachments" value="C:\\Projects\\instaVIN\\tests\\instaVIN\\Reports\\Staging Smoke Test Suite\\20180523_134327\\1527072281445.png, C:\\Projects\\instaVIN\\tests\\instaVIN\\Reports\\Staging Smoke Test Suite\\20180523_134327\\1527072281823.png"/>
         <property name="hostName" value="KSavinkin - LPksavinkin.TC.local"/>
         <property name="os" value="Windows 7 64bit"/>
         <property name="katalonVersion" value="5.4.1.1"/>
         <property name="browser" value="Chrome 66.0.3359.181"/>
         <property name="hostAddress" value="192.168.102.13"/>
         <property name="sessionId" value="dc3da736c360c4805012d35511e96e6d"/>
         <property name="seleniumVersion" value="3.7.1"/>
         <property name="proxyInformation" value="ProxyInformation{proxyOption=NO_PROXY, proxyServerType=HTTP, password=, proxyServerAddress=, proxyServerPort=0}"/>
         <property name="platform" value="Windows 7"/>
      </properties>
      <testcase name="Test Cases/Salesman - BuyVtrCaDealer" classname="Test Cases/Salesman - BuyVtrCaDealer" status="FAILED">
         <failure type="FAILED" message="Verify element text of test object 'Object Repository/LoggedInReactPages/Order (react)/VtrPrice1' FAILED. (Root cause: com.kms.katalon.core.webui.exception.WebElementNotFoundException: Web element with id: 'Object Repository/LoggedInReactPages/Order (react)/VtrPrice1' located by 'By.xpath: //html//div[@class='PricingOptionsContainer']/form/div[3]/div[2]' not found)"/>
         <system-out><![CDATA[2018-05-23 13:43:30 - [TEST_CASE][FAILED] - Test Cases/Salesman - BuyVtrCaDealer: Test Cases/Salesman - BuyVtrCaDealer FAILED because (of) Verify element text of test object 'Object Repository/LoggedInReactPages/Order (react)/VtrPrice1' FAILED. (Root cause: com.kms.katalon.core.webui.exception.WebElementNotFoundException: Web element with id: 'Object Repository/LoggedInReactPages/Order (react)/VtrPrice1' located by 'By.xpath: //html//div[@class='PricingOptionsContainer']/form/div[3]/div[2]' not found)

2018-05-23 13:43:31 - [TEST_STEP][PASSED] - openBrowser: Browser is opened with url: ''

2018-05-23 13:43:34 - [MESSAGE][PASSED] - Browser is opened with url: ''

2018-05-23 13:43:34 - [TEST_STEP][PASSED] - maximizeWindow: Current window maximized

2018-05-23 13:43:35 - [MESSAGE][PASSED] - Current window maximized

2018-05-23 13:43:35 - [TEST_STEP][PASSED] - Statement - OrderURL = com.kms.katalon.core.webui.keyword.WebUiBuiltInKeywords.concatenate([StagingReact, SalesmanURL, "order/"]): Concatenated string array: '['https://staging.instavin.com/','null','order/']' into 'https://staging.instavin.com/nullorder/'

2018-05-23 13:43:36 - [MESSAGE][PASSED] - Concatenated string array: '['https://staging.instavin.com/','null','order/']' into 'https://staging.instavin.com/nullorder/'

2018-05-23 13:43:36 - [TEST_STEP][PASSED] - navigateToUrl: Navigate to 'https://staging.instavin.com/nullorder/' successfully

2018-05-23 13:43:38 - [MESSAGE][PASSED] - Navigate to 'https://staging.instavin.com/nullorder/' successfully

2018-05-23 13:43:38 - [TEST_STEP][PASSED] - waitForElementVisible: Web element with id: 'Object Repository/LoggedInReactPages/Order (react)/instaVINProducts_Label' located by 'By.xpath: //h1[contains(text(),'instaVIN Report Options')]' not found

2018-05-23 13:43:38 - [MESSAGE][WARNING] - Timeout '0' is invalid. Using default page load timeout: '30'

2018-05-23 13:44:09 - [MESSAGE][WARNING] - Web element with id: 'Object Repository/LoggedInReactPages/Order (react)/instaVINProducts_Label' located by 'By.xpath: //h1[contains(text(),'instaVIN Report Options')]' not found

2018-05-23 13:44:09 - [TEST_STEP][FAILED] - verifyElementText: Verify element text of test object 'Object Repository/LoggedInReactPages/Order (react)/VtrPrice1' FAILED. (Root cause: com.kms.katalon.core.webui.exception.WebElementNotFoundException: Web element with id: 'Object Repository/LoggedInReactPages/Order (react)/VtrPrice1' located by 'By.xpath: //html//div[@class='PricingOptionsContainer']/form/div[3]/div[2]' not found)

2018-05-23 13:44:41 - [MESSAGE][FAILED] - com.kms.katalon.core.webui.exception.WebElementNotFoundException: Web element with id: 'Object Repository/LoggedInReactPages/Order (react)/VtrPrice1' located by 'By.xpath: //html//div[@class='PricingOptionsContainer']/form/div[3]/div[2]' not found
[[ATTACHMENT|C:\\Projects\\instaVIN\\tests\\instaVIN\\Reports\\Staging Smoke Test Suite\\20180523_134327\\1527072281445.png]]

2018-05-23 13:44:42 - [MESSAGE][FAILED] - Verify element text of test object 'Object Repository/LoggedInReactPages/Order (react)/VtrPrice1' FAILED. (Root cause: com.kms.katalon.core.webui.exception.WebElementNotFoundException: Web element with id: 'Object Repository/LoggedInReactPages/Order (react)/VtrPrice1' located by 'By.xpath: //html//div[@class='PricingOptionsContainer']/form/div[3]/div[2]' not found)
[[ATTACHMENT|C:\\Projects\\instaVIN\\tests\\instaVIN\\Reports\\Staging Smoke Test Suite\\20180523_134327\\1527072281823.png]]]]></system-out>
         <system-err><![CDATA[2018-05-23 13:43:30 - [TEST_CASE][FAILED] - Test Cases/Salesman - BuyVtrCaDealer: Test Cases/Salesman - BuyVtrCaDealer FAILED because (of) Verify element text of test object 'Object Repository/LoggedInReactPages/Order (react)/VtrPrice1' FAILED. (Root cause: com.kms.katalon.core.webui.exception.WebElementNotFoundException: Web element with id: 'Object Repository/LoggedInReactPages/Order (react)/VtrPrice1' located by 'By.xpath: //html//div[@class='PricingOptionsContainer']/form/div[3]/div[2]' not found)]]></system-err>
      </testcase>
      <system-out><![CDATA[2018-05-23 13:43:29 - [TEST_SUITE][FAILED] - Staging Smoke Test Suite: Test Cases/Salesman - BuyVtrCaDealer FAILED because (of) Verify element text of test object 'Object Repository/LoggedInReactPages/Order (react)/VtrPrice1' FAILED. (Root cause: com.kms.katalon.core.webui.exception.WebElementNotFoundException: Web element with id: 'Object Repository/LoggedInReactPages/Order (react)/VtrPrice1' located by 'By.xpath: //html//div[@class='PricingOptionsContainer']/form/div[3]/div[2]' not found)]]></system-out>
      <system-err><![CDATA[2018-05-23 13:43:29 - [TEST_SUITE][FAILED] - Staging Smoke Test Suite: Test Cases/Salesman - BuyVtrCaDealer FAILED because (of) Verify element text of test object 'Object Repository/LoggedInReactPages/Order (react)/VtrPrice1' FAILED. (Root cause: com.kms.katalon.core.webui.exception.WebElementNotFoundException: Web element with id: 'Object Repository/LoggedInReactPages/Order (react)/VtrPrice1' located by 'By.xpath: //html//div[@class='PricingOptionsContainer']/form/div[3]/div[2]' not found)]]></system-err>
   </testsuite>
</testsuites>
