<?xml version="1.0" encoding="UTF-8"?>
<testsuites name="Staging Smoke Test Suite" time="74" tests="0" failures="1" errors="0">
   <testsuite name="Staging Smoke Test Suite" tests="0" failures="1" errors="0" time="74" timestamp="2018-05-23 13:42:13" hostname="KSavinkin - LPksavinkin.TC.local" id="Test Suites/Staging Smoke Test Suite">
      <properties>
         <property name="deviceName" value=""/>
         <property name="devicePlatform" value=""/>
         <property name="logFolder" value="C:\\Projects\\instaVIN\\tests\\instaVIN\\Reports\\Staging Smoke Test Suite\\20180523_134211"/>
         <property name="logFiles" value="C:\\Projects\\instaVIN\\tests\\instaVIN\\Reports\\Staging Smoke Test Suite\\20180523_134211\\execution0.log"/>
         <property name="attachments" value="C:\\Projects\\instaVIN\\tests\\instaVIN\\Reports\\Staging Smoke Test Suite\\20180523_134211\\1527072206179.png, C:\\Projects\\instaVIN\\tests\\instaVIN\\Reports\\Staging Smoke Test Suite\\20180523_134211\\1527072206542.png"/>
         <property name="hostName" value="KSavinkin - LPksavinkin.TC.local"/>
         <property name="os" value="Windows 7 64bit"/>
         <property name="katalonVersion" value="5.4.1.1"/>
         <property name="browser" value="Chrome 66.0.3359.181"/>
         <property name="hostAddress" value="192.168.102.13"/>
         <property name="sessionId" value="ad2ad94b7318eef25e40c6629ea771c7"/>
         <property name="seleniumVersion" value="3.7.1"/>
         <property name="proxyInformation" value="ProxyInformation{proxyOption=NO_PROXY, proxyServerType=HTTP, password=, proxyServerAddress=, proxyServerPort=0}"/>
         <property name="platform" value="Windows 7"/>
      </properties>
      <testcase name="Test Cases/Salesman - BuyVtrCaDealer" classname="Test Cases/Salesman - BuyVtrCaDealer" status="FAILED">
         <failure type="FAILED" message="Verify element text of test object 'Object Repository/LoggedInReactPages/Order (react)/VtrPrice1' FAILED. (Root cause: com.kms.katalon.core.webui.exception.WebElementNotFoundException: Web element with id: 'Object Repository/LoggedInReactPages/Order (react)/VtrPrice1' located by 'By.xpath: //html//div[@class='PricingOptionsContainer']/form/div[3]/div[2]' not found)"/>
         <system-out><![CDATA[2018-05-23 13:42:13 - [TEST_CASE][FAILED] - Test Cases/Salesman - BuyVtrCaDealer: Test Cases/Salesman - BuyVtrCaDealer FAILED because (of) Verify element text of test object 'Object Repository/LoggedInReactPages/Order (react)/VtrPrice1' FAILED. (Root cause: com.kms.katalon.core.webui.exception.WebElementNotFoundException: Web element with id: 'Object Repository/LoggedInReactPages/Order (react)/VtrPrice1' located by 'By.xpath: //html//div[@class='PricingOptionsContainer']/form/div[3]/div[2]' not found)

2018-05-23 13:42:14 - [TEST_STEP][PASSED] - openBrowser: Browser is opened with url: ''

2018-05-23 13:42:18 - [MESSAGE][PASSED] - Browser is opened with url: ''

2018-05-23 13:42:18 - [TEST_STEP][PASSED] - maximizeWindow: Current window maximized

2018-05-23 13:42:19 - [MESSAGE][PASSED] - Current window maximized

2018-05-23 13:42:19 - [TEST_STEP][PASSED] - Statement - OrderURL = com.kms.katalon.core.webui.keyword.WebUiBuiltInKeywords.concatenate([StagingReact, SalesmanURL, "order/"]): Concatenated string array: '['https://staging.instavin.com/','null','order/']' into 'https://staging.instavin.com/nullorder/'

2018-05-23 13:42:19 - [MESSAGE][PASSED] - Concatenated string array: '['https://staging.instavin.com/','null','order/']' into 'https://staging.instavin.com/nullorder/'

2018-05-23 13:42:19 - [TEST_STEP][PASSED] - navigateToUrl: Navigate to 'https://staging.instavin.com/nullorder/' successfully

2018-05-23 13:42:23 - [MESSAGE][PASSED] - Navigate to 'https://staging.instavin.com/nullorder/' successfully

2018-05-23 13:42:23 - [TEST_STEP][PASSED] - waitForElementVisible: Web element with id: 'Object Repository/LoggedInReactPages/Order (react)/instaVINProducts_Label' located by 'By.xpath: //h1[contains(text(),'instaVIN Report Options')]' not found

2018-05-23 13:42:23 - [MESSAGE][WARNING] - Timeout '0' is invalid. Using default page load timeout: '30'

2018-05-23 13:42:54 - [MESSAGE][WARNING] - Web element with id: 'Object Repository/LoggedInReactPages/Order (react)/instaVINProducts_Label' located by 'By.xpath: //h1[contains(text(),'instaVIN Report Options')]' not found

2018-05-23 13:42:54 - [TEST_STEP][FAILED] - verifyElementText: Verify element text of test object 'Object Repository/LoggedInReactPages/Order (react)/VtrPrice1' FAILED. (Root cause: com.kms.katalon.core.webui.exception.WebElementNotFoundException: Web element with id: 'Object Repository/LoggedInReactPages/Order (react)/VtrPrice1' located by 'By.xpath: //html//div[@class='PricingOptionsContainer']/form/div[3]/div[2]' not found)

2018-05-23 13:43:26 - [MESSAGE][FAILED] - com.kms.katalon.core.webui.exception.WebElementNotFoundException: Web element with id: 'Object Repository/LoggedInReactPages/Order (react)/VtrPrice1' located by 'By.xpath: //html//div[@class='PricingOptionsContainer']/form/div[3]/div[2]' not found
[[ATTACHMENT|C:\\Projects\\instaVIN\\tests\\instaVIN\\Reports\\Staging Smoke Test Suite\\20180523_134211\\1527072206179.png]]

2018-05-23 13:43:26 - [MESSAGE][FAILED] - Verify element text of test object 'Object Repository/LoggedInReactPages/Order (react)/VtrPrice1' FAILED. (Root cause: com.kms.katalon.core.webui.exception.WebElementNotFoundException: Web element with id: 'Object Repository/LoggedInReactPages/Order (react)/VtrPrice1' located by 'By.xpath: //html//div[@class='PricingOptionsContainer']/form/div[3]/div[2]' not found)
[[ATTACHMENT|C:\\Projects\\instaVIN\\tests\\instaVIN\\Reports\\Staging Smoke Test Suite\\20180523_134211\\1527072206542.png]]]]></system-out>
         <system-err><![CDATA[2018-05-23 13:42:13 - [TEST_CASE][FAILED] - Test Cases/Salesman - BuyVtrCaDealer: Test Cases/Salesman - BuyVtrCaDealer FAILED because (of) Verify element text of test object 'Object Repository/LoggedInReactPages/Order (react)/VtrPrice1' FAILED. (Root cause: com.kms.katalon.core.webui.exception.WebElementNotFoundException: Web element with id: 'Object Repository/LoggedInReactPages/Order (react)/VtrPrice1' located by 'By.xpath: //html//div[@class='PricingOptionsContainer']/form/div[3]/div[2]' not found)]]></system-err>
      </testcase>
      <system-out><![CDATA[2018-05-23 13:42:13 - [TEST_SUITE][FAILED] - Staging Smoke Test Suite: Test Cases/Salesman - BuyVtrCaDealer FAILED because (of) Verify element text of test object 'Object Repository/LoggedInReactPages/Order (react)/VtrPrice1' FAILED. (Root cause: com.kms.katalon.core.webui.exception.WebElementNotFoundException: Web element with id: 'Object Repository/LoggedInReactPages/Order (react)/VtrPrice1' located by 'By.xpath: //html//div[@class='PricingOptionsContainer']/form/div[3]/div[2]' not found)]]></system-out>
      <system-err><![CDATA[2018-05-23 13:42:13 - [TEST_SUITE][FAILED] - Staging Smoke Test Suite: Test Cases/Salesman - BuyVtrCaDealer FAILED because (of) Verify element text of test object 'Object Repository/LoggedInReactPages/Order (react)/VtrPrice1' FAILED. (Root cause: com.kms.katalon.core.webui.exception.WebElementNotFoundException: Web element with id: 'Object Repository/LoggedInReactPages/Order (react)/VtrPrice1' located by 'By.xpath: //html//div[@class='PricingOptionsContainer']/form/div[3]/div[2]' not found)]]></system-err>
   </testsuite>
</testsuites>
