<?xml version="1.0" encoding="UTF-8"?>
<testsuites name="Staging Smoke Test Suite" time="459" tests="0" failures="9" errors="0">
   <testsuite name="Staging Smoke Test Suite" tests="0" failures="9" errors="0" time="459" timestamp="2018-05-24 12:17:29" hostname="KSavinkin - LPksavinkin.TC.local" id="Test Suites/Staging Smoke Test Suite">
      <properties>
         <property name="deviceName" value=""/>
         <property name="devicePlatform" value=""/>
         <property name="logFolder" value="C:\\Projects\\instaVIN\\tests\\instaVIN\\Reports\\Staging Smoke Test Suite\\20180524_121726"/>
         <property name="logFiles" value="C:\\Projects\\instaVIN\\tests\\instaVIN\\Reports\\Staging Smoke Test Suite\\20180524_121726\\execution0.log"/>
         <property name="attachments" value="C:\\Projects\\instaVIN\\tests\\instaVIN\\Reports\\Staging Smoke Test Suite\\20180524_121726\\1527153462226.png, C:\\Projects\\instaVIN\\tests\\instaVIN\\Reports\\Staging Smoke Test Suite\\20180524_121726\\1527153474001.png, C:\\Projects\\instaVIN\\tests\\instaVIN\\Reports\\Staging Smoke Test Suite\\20180524_121726\\1527153485822.png, C:\\Projects\\instaVIN\\tests\\instaVIN\\Reports\\Staging Smoke Test Suite\\20180524_121726\\1527153555756.png, C:\\Projects\\instaVIN\\tests\\instaVIN\\Reports\\Staging Smoke Test Suite\\20180524_121726\\1527153556114.png, C:\\Projects\\instaVIN\\tests\\instaVIN\\Reports\\Staging Smoke Test Suite\\20180524_121726\\1527153625589.png, C:\\Projects\\instaVIN\\tests\\instaVIN\\Reports\\Staging Smoke Test Suite\\20180524_121726\\1527153625960.png, C:\\Projects\\instaVIN\\tests\\instaVIN\\Reports\\Staging Smoke Test Suite\\20180524_121726\\1527153695736.png, C:\\Projects\\instaVIN\\tests\\instaVIN\\Reports\\Staging Smoke Test Suite\\20180524_121726\\1527153696096.png, C:\\Projects\\instaVIN\\tests\\instaVIN\\Reports\\Staging Smoke Test Suite\\20180524_121726\\1527153765740.png, C:\\Projects\\instaVIN\\tests\\instaVIN\\Reports\\Staging Smoke Test Suite\\20180524_121726\\1527153766092.png, C:\\Projects\\instaVIN\\tests\\instaVIN\\Reports\\Staging Smoke Test Suite\\20180524_121726\\1527153837200.png, C:\\Projects\\instaVIN\\tests\\instaVIN\\Reports\\Staging Smoke Test Suite\\20180524_121726\\1527153837587.png, C:\\Projects\\instaVIN\\tests\\instaVIN\\Reports\\Staging Smoke Test Suite\\20180524_121726\\1527153907218.png, C:\\Projects\\instaVIN\\tests\\instaVIN\\Reports\\Staging Smoke Test Suite\\20180524_121726\\1527153907582.png"/>
         <property name="hostName" value="KSavinkin - LPksavinkin.TC.local"/>
         <property name="os" value="Windows 7 64bit"/>
         <property name="katalonVersion" value="5.4.1.1"/>
         <property name="browser" value="Chrome 66.0.3359.181"/>
         <property name="hostAddress" value="192.168.102.8"/>
         <property name="sessionId" value="61faff9ed505fb767fa6b8311fe49ff0"/>
         <property name="seleniumVersion" value="3.7.1"/>
         <property name="proxyInformation" value="ProxyInformation{proxyOption=NO_PROXY, proxyServerType=HTTP, password=, proxyServerAddress=, proxyServerPort=0}"/>
         <property name="platform" value="Windows 7"/>
      </properties>
      <testcase name="Test Cases/SignUpConsumer - ValidFields" classname="Test Cases/SignUpConsumer - ValidFields" status="FAILED">
         <failure type="FAILED" message="Unable to set text 'null' of object 'Object Repository/LoggedOutReactPages/CreateAccount/CcNumber_Input' (Root cause: java.lang.IllegalArgumentException: Text is null)"/>
         <system-out><![CDATA[2018-05-24 12:17:29 - [TEST_CASE][FAILED] - Test Cases/SignUpConsumer - ValidFields: Test Cases/SignUpConsumer - ValidFields FAILED because (of) Unable to set text 'null' of object 'Object Repository/LoggedOutReactPages/CreateAccount/CcNumber_Input' (Root cause: java.lang.IllegalArgumentException: Text is null)

2018-05-24 12:17:30 - [TEST_STEP][PASSED] - openBrowser: Browser is opened with url: ''

2018-05-24 12:17:34 - [MESSAGE][PASSED] - Browser is opened with url: ''

2018-05-24 12:17:34 - [TEST_STEP][PASSED] - maximizeWindow: Current window maximized

2018-05-24 12:17:35 - [MESSAGE][PASSED] - Current window maximized

2018-05-24 12:17:35 - [TEST_STEP][PASSED] - Statement - StartURL = com.kms.katalon.core.webui.keyword.WebUiBuiltInKeywords.concatenate([StagingReact, "create-account"]): Concatenated string array: '['https://staging.instavin.com/','create-account']' into 'https://staging.instavin.com/create-account'

2018-05-24 12:17:35 - [MESSAGE][PASSED] - Concatenated string array: '['https://staging.instavin.com/','create-account']' into 'https://staging.instavin.com/create-account'

2018-05-24 12:17:35 - [TEST_STEP][PASSED] - navigateToUrl: Navigate to 'https://staging.instavin.com/create-account' successfully

2018-05-24 12:17:38 - [MESSAGE][PASSED] - Navigate to 'https://staging.instavin.com/create-account' successfully

2018-05-24 12:17:38 - [TEST_STEP][PASSED] - verifyElementText: Actual text and expected text of test object 'Object Repository/LoggedOutReactPages/CreateAccount/Copy_Label' are matched.

2018-05-24 12:17:38 - [MESSAGE][PASSED] - Actual text and expected text of test object 'Object Repository/LoggedOutReactPages/CreateAccount/Copy_Label' are matched.

2018-05-24 12:17:38 - [TEST_STEP][PASSED] - verifyTextPresent: Text 'Buyer Information' is present on page 

2018-05-24 12:17:39 - [MESSAGE][PASSED] - Text 'Buyer Information' is present on page 

2018-05-24 12:17:39 - [TEST_STEP][PASSED] - verifyElementText: Actual text and expected text of test object 'Object Repository/LoggedOutReactPages/CreateAccount/Name_Label' are matched.

2018-05-24 12:17:39 - [MESSAGE][PASSED] - Actual text and expected text of test object 'Object Repository/LoggedOutReactPages/CreateAccount/Name_Label' are matched.

2018-05-24 12:17:39 - [TEST_STEP][PASSED] - verifyElementText: Actual text and expected text of test object 'Object Repository/LoggedOutReactPages/CreateAccount/Address_Label' are matched.

2018-05-24 12:17:39 - [MESSAGE][PASSED] - Actual text and expected text of test object 'Object Repository/LoggedOutReactPages/CreateAccount/Address_Label' are matched.

2018-05-24 12:17:39 - [TEST_STEP][PASSED] - Statement - now = new java.util.Date(): null

2018-05-24 12:17:39 - [TEST_STEP][PASSED] - Statement - rnd = now.format("yyyyMMddHHmmssSSS").toString(): null

2018-05-24 12:17:39 - [TEST_STEP][PASSED] - Statement - Email = com.kms.katalon.core.webui.keyword.WebUiBuiltInKeywords.concatenate(["buyer", rnd, "@mailinator.com"]): Concatenated string array: '['buyer','20180524121739176','@mailinator.com']' into 'buyer20180524121739176@mailinator.com'

2018-05-24 12:17:39 - [MESSAGE][PASSED] - Concatenated string array: '['buyer','20180524121739176','@mailinator.com']' into 'buyer20180524121739176@mailinator.com'

2018-05-24 12:17:39 - [TEST_STEP][PASSED] - setText: Text 'Consumer' is set on object 'Object Repository/LoggedOutReactPages/CreateAccount/FirstName_Input'

2018-05-24 12:17:39 - [MESSAGE][PASSED] - Text 'Consumer' is set on object 'Object Repository/LoggedOutReactPages/CreateAccount/FirstName_Input'

2018-05-24 12:17:39 - [TEST_STEP][PASSED] - setText: Text 'Test' is set on object 'Object Repository/LoggedOutReactPages/CreateAccount/LastName_Input'

2018-05-24 12:17:39 - [MESSAGE][PASSED] - Text 'Test' is set on object 'Object Repository/LoggedOutReactPages/CreateAccount/LastName_Input'

2018-05-24 12:17:39 - [TEST_STEP][PASSED] - setText: Text 'test' is set on object 'Object Repository/LoggedOutReactPages/CreateAccount/Address_Input'

2018-05-24 12:17:39 - [MESSAGE][PASSED] - Text 'test' is set on object 'Object Repository/LoggedOutReactPages/CreateAccount/Address_Input'

2018-05-24 12:17:39 - [TEST_STEP][PASSED] - setText: Text 'test' is set on object 'Object Repository/LoggedOutReactPages/CreateAccount/City_Input'

2018-05-24 12:17:40 - [MESSAGE][PASSED] - Text 'test' is set on object 'Object Repository/LoggedOutReactPages/CreateAccount/City_Input'

2018-05-24 12:17:40 - [TEST_STEP][PASSED] - selectOptionByValue: All options with value 'CA' are selected in object 'Object Repository/LoggedOutReactPages/CreateAccount/State_Dropdown' 

2018-05-24 12:17:40 - [MESSAGE][PASSED] - All options with value 'CA' are selected in object 'Object Repository/LoggedOutReactPages/CreateAccount/State_Dropdown' 

2018-05-24 12:17:40 - [TEST_STEP][PASSED] - setText: Text '11111' is set on object 'Object Repository/LoggedOutReactPages/CreateAccount/Zip_Input'

2018-05-24 12:17:40 - [MESSAGE][PASSED] - Text '11111' is set on object 'Object Repository/LoggedOutReactPages/CreateAccount/Zip_Input'

2018-05-24 12:17:40 - [TEST_STEP][PASSED] - setText: Text '8001112233' is set on object 'Object Repository/LoggedOutReactPages/CreateAccount/Phone_Input'

2018-05-24 12:17:40 - [MESSAGE][PASSED] - Text '8001112233' is set on object 'Object Repository/LoggedOutReactPages/CreateAccount/Phone_Input'

2018-05-24 12:17:40 - [TEST_STEP][PASSED] - setText: Text 'Consumer' is set on object 'Object Repository/LoggedOutReactPages/CreateAccount/BillingFirstName_Input'

2018-05-24 12:17:41 - [MESSAGE][PASSED] - Text 'Consumer' is set on object 'Object Repository/LoggedOutReactPages/CreateAccount/BillingFirstName_Input'

2018-05-24 12:17:41 - [TEST_STEP][PASSED] - setText: Text 'Test' is set on object 'Object Repository/LoggedOutReactPages/CreateAccount/BillingLastName_Input'

2018-05-24 12:17:41 - [MESSAGE][PASSED] - Text 'Test' is set on object 'Object Repository/LoggedOutReactPages/CreateAccount/BillingLastName_Input'

2018-05-24 12:17:41 - [TEST_STEP][PASSED] - setText: Text 'test' is set on object 'Object Repository/LoggedOutReactPages/CreateAccount/BillingAddress_Input'

2018-05-24 12:17:41 - [MESSAGE][PASSED] - Text 'test' is set on object 'Object Repository/LoggedOutReactPages/CreateAccount/BillingAddress_Input'

2018-05-24 12:17:42 - [TEST_STEP][PASSED] - setText: Text '11111' is set on object 'Object Repository/LoggedOutReactPages/CreateAccount/BillingZip_Input'

2018-05-24 12:17:42 - [MESSAGE][PASSED] - Text '11111' is set on object 'Object Repository/LoggedOutReactPages/CreateAccount/BillingZip_Input'

2018-05-24 12:17:42 - [TEST_STEP][FAILED] - setText: Unable to set text 'null' of object 'Object Repository/LoggedOutReactPages/CreateAccount/CcNumber_Input' (Root cause: java.lang.IllegalArgumentException: Text is null)

2018-05-24 12:17:42 - [MESSAGE][FAILED] - Unable to set text 'null' of object 'Object Repository/LoggedOutReactPages/CreateAccount/CcNumber_Input' (Root cause: java.lang.IllegalArgumentException: Text is null)
[[ATTACHMENT|C:\\Projects\\instaVIN\\tests\\instaVIN\\Reports\\Staging Smoke Test Suite\\20180524_121726\\1527153462226.png]]]]></system-out>
         <system-err><![CDATA[2018-05-24 12:17:29 - [TEST_CASE][FAILED] - Test Cases/SignUpConsumer - ValidFields: Test Cases/SignUpConsumer - ValidFields FAILED because (of) Unable to set text 'null' of object 'Object Repository/LoggedOutReactPages/CreateAccount/CcNumber_Input' (Root cause: java.lang.IllegalArgumentException: Text is null)]]></system-err>
      </testcase>
      <testcase name="Test Cases/SignUpDealer - ValidFields" classname="Test Cases/SignUpDealer - ValidFields" status="FAILED">
         <failure type="FAILED" message="Unable to set text 'null' of object 'Object Repository/LoggedOutReactPages/CreateAccount/CcNumber_Input' (Root cause: java.lang.IllegalArgumentException: Text is null)"/>
         <system-out><![CDATA[2018-05-24 12:17:42 - [TEST_CASE][FAILED] - Test Cases/SignUpDealer - ValidFields: Test Cases/SignUpDealer - ValidFields FAILED because (of) Unable to set text 'null' of object 'Object Repository/LoggedOutReactPages/CreateAccount/CcNumber_Input' (Root cause: java.lang.IllegalArgumentException: Text is null)

2018-05-24 12:17:43 - [TEST_STEP][PASSED] - openBrowser: Browser is opened with url: ''

2018-05-24 12:17:43 - [MESSAGE][WARNING] - A browser is already opened. Closing browser and opening a new one

2018-05-24 12:17:46 - [MESSAGE][PASSED] - Browser is opened with url: ''

2018-05-24 12:17:46 - [TEST_STEP][PASSED] - maximizeWindow: Current window maximized

2018-05-24 12:17:47 - [MESSAGE][PASSED] - Current window maximized

2018-05-24 12:17:47 - [TEST_STEP][PASSED] - Statement - StartURL = com.kms.katalon.core.webui.keyword.WebUiBuiltInKeywords.concatenate([StagingReact, "create-account"]): Concatenated string array: '['https://staging.instavin.com/','create-account']' into 'https://staging.instavin.com/create-account'

2018-05-24 12:17:47 - [MESSAGE][PASSED] - Concatenated string array: '['https://staging.instavin.com/','create-account']' into 'https://staging.instavin.com/create-account'

2018-05-24 12:17:47 - [TEST_STEP][PASSED] - navigateToUrl: Navigate to 'https://staging.instavin.com/create-account' successfully

2018-05-24 12:17:50 - [MESSAGE][PASSED] - Navigate to 'https://staging.instavin.com/create-account' successfully

2018-05-24 12:17:50 - [TEST_STEP][PASSED] - click: Object: 'Object Repository/LoggedOutReactPages/CreateAccount/Dealer_Button' is clicked on

2018-05-24 12:17:50 - [MESSAGE][PASSED] - Object: 'Object Repository/LoggedOutReactPages/CreateAccount/Dealer_Button' is clicked on

2018-05-24 12:17:50 - [TEST_STEP][PASSED] - verifyElementText: Actual text and expected text of test object 'Object Repository/LoggedOutReactPages/CreateAccount/Copy_Label' are matched.

2018-05-24 12:17:50 - [MESSAGE][PASSED] - Actual text and expected text of test object 'Object Repository/LoggedOutReactPages/CreateAccount/Copy_Label' are matched.

2018-05-24 12:17:50 - [TEST_STEP][PASSED] - verifyTextPresent: Text 'Dealer Information' is present on page 

2018-05-24 12:17:50 - [MESSAGE][PASSED] - Text 'Dealer Information' is present on page 

2018-05-24 12:17:50 - [TEST_STEP][PASSED] - Statement - now = new java.util.Date(): null

2018-05-24 12:17:50 - [TEST_STEP][PASSED] - Statement - rnd = now.format("yyyyMMddHHmmssSSS").toString(): null

2018-05-24 12:17:50 - [TEST_STEP][PASSED] - Statement - Email = com.kms.katalon.core.webui.keyword.WebUiBuiltInKeywords.concatenate(["dealer", rnd, "@mailinator.com"]): Concatenated string array: '['dealer','20180524121750744','@mailinator.com']' into 'dealer20180524121750744@mailinator.com'

2018-05-24 12:17:50 - [MESSAGE][PASSED] - Concatenated string array: '['dealer','20180524121750744','@mailinator.com']' into 'dealer20180524121750744@mailinator.com'

2018-05-24 12:17:50 - [TEST_STEP][PASSED] - setText: Text 'Test' is set on object 'Object Repository/LoggedOutReactPages/CreateAccount/BusinessName_Input'

2018-05-24 12:17:50 - [MESSAGE][PASSED] - Text 'Test' is set on object 'Object Repository/LoggedOutReactPages/CreateAccount/BusinessName_Input'

2018-05-24 12:17:50 - [TEST_STEP][PASSED] - setText: Text '111111' is set on object 'Object Repository/LoggedOutReactPages/CreateAccount/AccessID_Input'

2018-05-24 12:17:51 - [MESSAGE][PASSED] - Text '111111' is set on object 'Object Repository/LoggedOutReactPages/CreateAccount/AccessID_Input'

2018-05-24 12:17:51 - [TEST_STEP][PASSED] - setText: Text 'Dealer' is set on object 'Object Repository/LoggedOutReactPages/CreateAccount/FirstName_Input'

2018-05-24 12:17:51 - [MESSAGE][PASSED] - Text 'Dealer' is set on object 'Object Repository/LoggedOutReactPages/CreateAccount/FirstName_Input'

2018-05-24 12:17:51 - [TEST_STEP][PASSED] - setText: Text 'Test' is set on object 'Object Repository/LoggedOutReactPages/CreateAccount/LastName_Input'

2018-05-24 12:17:51 - [MESSAGE][PASSED] - Text 'Test' is set on object 'Object Repository/LoggedOutReactPages/CreateAccount/LastName_Input'

2018-05-24 12:17:51 - [TEST_STEP][PASSED] - setText: Text 'test' is set on object 'Object Repository/LoggedOutReactPages/CreateAccount/Address_Input'

2018-05-24 12:17:51 - [MESSAGE][PASSED] - Text 'test' is set on object 'Object Repository/LoggedOutReactPages/CreateAccount/Address_Input'

2018-05-24 12:17:51 - [TEST_STEP][PASSED] - setText: Text 'test' is set on object 'Object Repository/LoggedOutReactPages/CreateAccount/City_Input'

2018-05-24 12:17:52 - [MESSAGE][PASSED] - Text 'test' is set on object 'Object Repository/LoggedOutReactPages/CreateAccount/City_Input'

2018-05-24 12:17:52 - [TEST_STEP][PASSED] - selectOptionByValue: All options with value 'TX' are selected in object 'Object Repository/LoggedOutReactPages/CreateAccount/State_Dropdown' 

2018-05-24 12:17:52 - [MESSAGE][PASSED] - All options with value 'TX' are selected in object 'Object Repository/LoggedOutReactPages/CreateAccount/State_Dropdown' 

2018-05-24 12:17:52 - [TEST_STEP][PASSED] - setText: Text '11111' is set on object 'Object Repository/LoggedOutReactPages/CreateAccount/Zip_Input'

2018-05-24 12:17:52 - [MESSAGE][PASSED] - Text '11111' is set on object 'Object Repository/LoggedOutReactPages/CreateAccount/Zip_Input'

2018-05-24 12:17:52 - [TEST_STEP][PASSED] - setText: Text '8001112233' is set on object 'Object Repository/LoggedOutReactPages/CreateAccount/Phone_Input'

2018-05-24 12:17:52 - [MESSAGE][PASSED] - Text '8001112233' is set on object 'Object Repository/LoggedOutReactPages/CreateAccount/Phone_Input'

2018-05-24 12:17:52 - [TEST_STEP][PASSED] - setText: Text 'Dealer' is set on object 'Object Repository/LoggedOutReactPages/CreateAccount/BillingFirstName_Input'

2018-05-24 12:17:53 - [MESSAGE][PASSED] - Text 'Dealer' is set on object 'Object Repository/LoggedOutReactPages/CreateAccount/BillingFirstName_Input'

2018-05-24 12:17:53 - [TEST_STEP][PASSED] - setText: Text 'Test' is set on object 'Object Repository/LoggedOutReactPages/CreateAccount/BillingLastName_Input'

2018-05-24 12:17:53 - [MESSAGE][PASSED] - Text 'Test' is set on object 'Object Repository/LoggedOutReactPages/CreateAccount/BillingLastName_Input'

2018-05-24 12:17:53 - [TEST_STEP][PASSED] - setText: Text 'test' is set on object 'Object Repository/LoggedOutReactPages/CreateAccount/BillingAddress_Input'

2018-05-24 12:17:53 - [MESSAGE][PASSED] - Text 'test' is set on object 'Object Repository/LoggedOutReactPages/CreateAccount/BillingAddress_Input'

2018-05-24 12:17:53 - [TEST_STEP][PASSED] - setText: Text '11111' is set on object 'Object Repository/LoggedOutReactPages/CreateAccount/BillingZip_Input'

2018-05-24 12:17:53 - [MESSAGE][PASSED] - Text '11111' is set on object 'Object Repository/LoggedOutReactPages/CreateAccount/BillingZip_Input'

2018-05-24 12:17:53 - [TEST_STEP][FAILED] - setText: Unable to set text 'null' of object 'Object Repository/LoggedOutReactPages/CreateAccount/CcNumber_Input' (Root cause: java.lang.IllegalArgumentException: Text is null)

2018-05-24 12:17:54 - [MESSAGE][FAILED] - Unable to set text 'null' of object 'Object Repository/LoggedOutReactPages/CreateAccount/CcNumber_Input' (Root cause: java.lang.IllegalArgumentException: Text is null)
[[ATTACHMENT|C:\\Projects\\instaVIN\\tests\\instaVIN\\Reports\\Staging Smoke Test Suite\\20180524_121726\\1527153474001.png]]]]></system-out>
         <system-err><![CDATA[2018-05-24 12:17:42 - [TEST_CASE][FAILED] - Test Cases/SignUpDealer - ValidFields: Test Cases/SignUpDealer - ValidFields FAILED because (of) Unable to set text 'null' of object 'Object Repository/LoggedOutReactPages/CreateAccount/CcNumber_Input' (Root cause: java.lang.IllegalArgumentException: Text is null)]]></system-err>
      </testcase>
      <testcase name="Test Cases/SignUpCADealer - ValidFields" classname="Test Cases/SignUpCADealer - ValidFields" status="FAILED">
         <failure type="FAILED" message="Unable to set text 'null' of object 'Object Repository/LoggedOutReactPages/CreateAccount/CcNumber_Input' (Root cause: java.lang.IllegalArgumentException: Text is null)"/>
         <system-out><![CDATA[2018-05-24 12:17:54 - [TEST_CASE][FAILED] - Test Cases/SignUpCADealer - ValidFields: Test Cases/SignUpCADealer - ValidFields FAILED because (of) Unable to set text 'null' of object 'Object Repository/LoggedOutReactPages/CreateAccount/CcNumber_Input' (Root cause: java.lang.IllegalArgumentException: Text is null)

2018-05-24 12:17:55 - [TEST_STEP][PASSED] - openBrowser: Browser is opened with url: ''

2018-05-24 12:17:55 - [MESSAGE][WARNING] - A browser is already opened. Closing browser and opening a new one

2018-05-24 12:17:58 - [MESSAGE][PASSED] - Browser is opened with url: ''

2018-05-24 12:17:58 - [TEST_STEP][PASSED] - maximizeWindow: Current window maximized

2018-05-24 12:17:59 - [MESSAGE][PASSED] - Current window maximized

2018-05-24 12:17:59 - [TEST_STEP][PASSED] - Statement - StartURL = com.kms.katalon.core.webui.keyword.WebUiBuiltInKeywords.concatenate([StagingReact, "create-account"]): Concatenated string array: '['https://staging.instavin.com/','create-account']' into 'https://staging.instavin.com/create-account'

2018-05-24 12:17:59 - [MESSAGE][PASSED] - Concatenated string array: '['https://staging.instavin.com/','create-account']' into 'https://staging.instavin.com/create-account'

2018-05-24 12:17:59 - [TEST_STEP][PASSED] - navigateToUrl: Navigate to 'https://staging.instavin.com/create-account' successfully

2018-05-24 12:18:01 - [MESSAGE][PASSED] - Navigate to 'https://staging.instavin.com/create-account' successfully

2018-05-24 12:18:01 - [TEST_STEP][PASSED] - click: Object: 'Object Repository/LoggedOutReactPages/CreateAccount/Dealer_Button' is clicked on

2018-05-24 12:18:01 - [MESSAGE][PASSED] - Object: 'Object Repository/LoggedOutReactPages/CreateAccount/Dealer_Button' is clicked on

2018-05-24 12:18:01 - [TEST_STEP][PASSED] - verifyElementText: Actual text and expected text of test object 'Object Repository/LoggedOutReactPages/CreateAccount/Copy_Label' are matched.

2018-05-24 12:18:02 - [MESSAGE][PASSED] - Actual text and expected text of test object 'Object Repository/LoggedOutReactPages/CreateAccount/Copy_Label' are matched.

2018-05-24 12:18:02 - [TEST_STEP][PASSED] - verifyTextPresent: Text 'Dealer Information' is present on page 

2018-05-24 12:18:02 - [MESSAGE][PASSED] - Text 'Dealer Information' is present on page 

2018-05-24 12:18:02 - [TEST_STEP][PASSED] - Statement - now = new java.util.Date(): null

2018-05-24 12:18:02 - [TEST_STEP][PASSED] - Statement - rnd = now.format("yyyyMMddHHmmssSSS").toString(): null

2018-05-24 12:18:02 - [TEST_STEP][PASSED] - Statement - Email = com.kms.katalon.core.webui.keyword.WebUiBuiltInKeywords.concatenate(["cadealer", rnd, "@mailinator.com"]): Concatenated string array: '['cadealer','20180524121802287','@mailinator.com']' into 'cadealer20180524121802287@mailinator.com'

2018-05-24 12:18:02 - [MESSAGE][PASSED] - Concatenated string array: '['cadealer','20180524121802287','@mailinator.com']' into 'cadealer20180524121802287@mailinator.com'

2018-05-24 12:18:02 - [TEST_STEP][PASSED] - setText: Text 'Test' is set on object 'Object Repository/LoggedOutReactPages/CreateAccount/BusinessName_Input'

2018-05-24 12:18:02 - [MESSAGE][PASSED] - Text 'Test' is set on object 'Object Repository/LoggedOutReactPages/CreateAccount/BusinessName_Input'

2018-05-24 12:18:02 - [TEST_STEP][PASSED] - setText: Text '111111' is set on object 'Object Repository/LoggedOutReactPages/CreateAccount/AccessID_Input'

2018-05-24 12:18:02 - [MESSAGE][PASSED] - Text '111111' is set on object 'Object Repository/LoggedOutReactPages/CreateAccount/AccessID_Input'

2018-05-24 12:18:02 - [TEST_STEP][PASSED] - setText: Text 'CaDealer' is set on object 'Object Repository/LoggedOutReactPages/CreateAccount/FirstName_Input'

2018-05-24 12:18:02 - [MESSAGE][PASSED] - Text 'CaDealer' is set on object 'Object Repository/LoggedOutReactPages/CreateAccount/FirstName_Input'

2018-05-24 12:18:02 - [TEST_STEP][PASSED] - setText: Text 'Test' is set on object 'Object Repository/LoggedOutReactPages/CreateAccount/LastName_Input'

2018-05-24 12:18:03 - [MESSAGE][PASSED] - Text 'Test' is set on object 'Object Repository/LoggedOutReactPages/CreateAccount/LastName_Input'

2018-05-24 12:18:03 - [TEST_STEP][PASSED] - setText: Text 'test' is set on object 'Object Repository/LoggedOutReactPages/CreateAccount/Address_Input'

2018-05-24 12:18:03 - [MESSAGE][PASSED] - Text 'test' is set on object 'Object Repository/LoggedOutReactPages/CreateAccount/Address_Input'

2018-05-24 12:18:03 - [TEST_STEP][PASSED] - setText: Text 'test' is set on object 'Object Repository/LoggedOutReactPages/CreateAccount/City_Input'

2018-05-24 12:18:03 - [MESSAGE][PASSED] - Text 'test' is set on object 'Object Repository/LoggedOutReactPages/CreateAccount/City_Input'

2018-05-24 12:18:03 - [TEST_STEP][PASSED] - selectOptionByValue: All options with value 'CA' are selected in object 'Object Repository/LoggedOutReactPages/CreateAccount/State_Dropdown' 

2018-05-24 12:18:04 - [MESSAGE][PASSED] - All options with value 'CA' are selected in object 'Object Repository/LoggedOutReactPages/CreateAccount/State_Dropdown' 

2018-05-24 12:18:04 - [TEST_STEP][PASSED] - setText: Text '11111' is set on object 'Object Repository/LoggedOutReactPages/CreateAccount/Zip_Input'

2018-05-24 12:18:04 - [MESSAGE][PASSED] - Text '11111' is set on object 'Object Repository/LoggedOutReactPages/CreateAccount/Zip_Input'

2018-05-24 12:18:04 - [TEST_STEP][PASSED] - setText: Text '8001112233' is set on object 'Object Repository/LoggedOutReactPages/CreateAccount/Phone_Input'

2018-05-24 12:18:04 - [MESSAGE][PASSED] - Text '8001112233' is set on object 'Object Repository/LoggedOutReactPages/CreateAccount/Phone_Input'

2018-05-24 12:18:04 - [TEST_STEP][PASSED] - setText: Text 'CaDealer' is set on object 'Object Repository/LoggedOutReactPages/CreateAccount/BillingFirstName_Input'

2018-05-24 12:18:04 - [MESSAGE][PASSED] - Text 'CaDealer' is set on object 'Object Repository/LoggedOutReactPages/CreateAccount/BillingFirstName_Input'

2018-05-24 12:18:04 - [TEST_STEP][PASSED] - setText: Text 'Test' is set on object 'Object Repository/LoggedOutReactPages/CreateAccount/BillingLastName_Input'

2018-05-24 12:18:05 - [MESSAGE][PASSED] - Text 'Test' is set on object 'Object Repository/LoggedOutReactPages/CreateAccount/BillingLastName_Input'

2018-05-24 12:18:05 - [TEST_STEP][PASSED] - setText: Text 'test' is set on object 'Object Repository/LoggedOutReactPages/CreateAccount/BillingAddress_Input'

2018-05-24 12:18:05 - [MESSAGE][PASSED] - Text 'test' is set on object 'Object Repository/LoggedOutReactPages/CreateAccount/BillingAddress_Input'

2018-05-24 12:18:05 - [TEST_STEP][PASSED] - setText: Text '11111' is set on object 'Object Repository/LoggedOutReactPages/CreateAccount/BillingZip_Input'

2018-05-24 12:18:05 - [MESSAGE][PASSED] - Text '11111' is set on object 'Object Repository/LoggedOutReactPages/CreateAccount/BillingZip_Input'

2018-05-24 12:18:05 - [TEST_STEP][FAILED] - setText: Unable to set text 'null' of object 'Object Repository/LoggedOutReactPages/CreateAccount/CcNumber_Input' (Root cause: java.lang.IllegalArgumentException: Text is null)

2018-05-24 12:18:06 - [MESSAGE][FAILED] - Unable to set text 'null' of object 'Object Repository/LoggedOutReactPages/CreateAccount/CcNumber_Input' (Root cause: java.lang.IllegalArgumentException: Text is null)
[[ATTACHMENT|C:\\Projects\\instaVIN\\tests\\instaVIN\\Reports\\Staging Smoke Test Suite\\20180524_121726\\1527153485822.png]]]]></system-out>
         <system-err><![CDATA[2018-05-24 12:17:54 - [TEST_CASE][FAILED] - Test Cases/SignUpCADealer - ValidFields: Test Cases/SignUpCADealer - ValidFields FAILED because (of) Unable to set text 'null' of object 'Object Repository/LoggedOutReactPages/CreateAccount/CcNumber_Input' (Root cause: java.lang.IllegalArgumentException: Text is null)]]></system-err>
      </testcase>
      <testcase name="Test Cases/Affiliate - BuyVTRConsumer" classname="Test Cases/Affiliate - BuyVTRConsumer" status="FAILED">
         <failure type="FAILED" message="Verify element text of test object 'Object Repository/LoggedInReactPages/Order (react)/VtrPrice1' FAILED. (Root cause: com.kms.katalon.core.webui.exception.WebElementNotFoundException: Web element with id: 'Object Repository/LoggedInReactPages/Order (react)/VtrPrice1' located by 'By.xpath: //html//div[@class='PricingOptionsContainer']/form/div[3]/div[2]' not found)"/>
         <system-out><![CDATA[2018-05-24 12:18:06 - [TEST_CASE][FAILED] - Test Cases/Affiliate - BuyVTRConsumer: Test Cases/Affiliate - BuyVTRConsumer FAILED because (of) Verify element text of test object 'Object Repository/LoggedInReactPages/Order (react)/VtrPrice1' FAILED. (Root cause: com.kms.katalon.core.webui.exception.WebElementNotFoundException: Web element with id: 'Object Repository/LoggedInReactPages/Order (react)/VtrPrice1' located by 'By.xpath: //html//div[@class='PricingOptionsContainer']/form/div[3]/div[2]' not found)

2018-05-24 12:18:07 - [TEST_STEP][PASSED] - openBrowser: Browser is opened with url: ''

2018-05-24 12:18:07 - [MESSAGE][WARNING] - A browser is already opened. Closing browser and opening a new one

2018-05-24 12:18:10 - [MESSAGE][PASSED] - Browser is opened with url: ''

2018-05-24 12:18:10 - [TEST_STEP][PASSED] - maximizeWindow: Current window maximized

2018-05-24 12:18:11 - [MESSAGE][PASSED] - Current window maximized

2018-05-24 12:18:11 - [TEST_STEP][PASSED] - Statement - OrderURL = com.kms.katalon.core.webui.keyword.WebUiBuiltInKeywords.concatenate([StagingReact, AffiliateURL, "order/"]): Concatenated string array: '['https://staging.instavin.com/','null','order/']' into 'https://staging.instavin.com/nullorder/'

2018-05-24 12:18:11 - [MESSAGE][PASSED] - Concatenated string array: '['https://staging.instavin.com/','null','order/']' into 'https://staging.instavin.com/nullorder/'

2018-05-24 12:18:11 - [TEST_STEP][PASSED] - navigateToUrl: Navigate to 'https://staging.instavin.com/nullorder/' successfully

2018-05-24 12:18:12 - [MESSAGE][PASSED] - Navigate to 'https://staging.instavin.com/nullorder/' successfully

2018-05-24 12:18:12 - [TEST_STEP][PASSED] - waitForElementVisible: Web element with id: 'Object Repository/LoggedInReactPages/Order (react)/instaVINProducts_Label' located by 'By.xpath: //h1[contains(text(),'instaVIN Report Options')]' not found

2018-05-24 12:18:12 - [MESSAGE][WARNING] - Timeout '0' is invalid. Using default page load timeout: '30'

2018-05-24 12:18:44 - [MESSAGE][WARNING] - Web element with id: 'Object Repository/LoggedInReactPages/Order (react)/instaVINProducts_Label' located by 'By.xpath: //h1[contains(text(),'instaVIN Report Options')]' not found

2018-05-24 12:18:44 - [TEST_STEP][FAILED] - verifyElementText: Verify element text of test object 'Object Repository/LoggedInReactPages/Order (react)/VtrPrice1' FAILED. (Root cause: com.kms.katalon.core.webui.exception.WebElementNotFoundException: Web element with id: 'Object Repository/LoggedInReactPages/Order (react)/VtrPrice1' located by 'By.xpath: //html//div[@class='PricingOptionsContainer']/form/div[3]/div[2]' not found)

2018-05-24 12:19:16 - [MESSAGE][FAILED] - com.kms.katalon.core.webui.exception.WebElementNotFoundException: Web element with id: 'Object Repository/LoggedInReactPages/Order (react)/VtrPrice1' located by 'By.xpath: //html//div[@class='PricingOptionsContainer']/form/div[3]/div[2]' not found
[[ATTACHMENT|C:\\Projects\\instaVIN\\tests\\instaVIN\\Reports\\Staging Smoke Test Suite\\20180524_121726\\1527153555756.png]]

2018-05-24 12:19:16 - [MESSAGE][FAILED] - Verify element text of test object 'Object Repository/LoggedInReactPages/Order (react)/VtrPrice1' FAILED. (Root cause: com.kms.katalon.core.webui.exception.WebElementNotFoundException: Web element with id: 'Object Repository/LoggedInReactPages/Order (react)/VtrPrice1' located by 'By.xpath: //html//div[@class='PricingOptionsContainer']/form/div[3]/div[2]' not found)
[[ATTACHMENT|C:\\Projects\\instaVIN\\tests\\instaVIN\\Reports\\Staging Smoke Test Suite\\20180524_121726\\1527153556114.png]]]]></system-out>
         <system-err><![CDATA[2018-05-24 12:18:06 - [TEST_CASE][FAILED] - Test Cases/Affiliate - BuyVTRConsumer: Test Cases/Affiliate - BuyVTRConsumer FAILED because (of) Verify element text of test object 'Object Repository/LoggedInReactPages/Order (react)/VtrPrice1' FAILED. (Root cause: com.kms.katalon.core.webui.exception.WebElementNotFoundException: Web element with id: 'Object Repository/LoggedInReactPages/Order (react)/VtrPrice1' located by 'By.xpath: //html//div[@class='PricingOptionsContainer']/form/div[3]/div[2]' not found)]]></system-err>
      </testcase>
      <testcase name="Test Cases/Affiliate - BuyVTRDealer" classname="Test Cases/Affiliate - BuyVTRDealer" status="FAILED">
         <failure type="FAILED" message="Verify element text of test object 'Object Repository/LoggedInReactPages/Order (react)/VtrPrice1' FAILED. (Root cause: com.kms.katalon.core.webui.exception.WebElementNotFoundException: Web element with id: 'Object Repository/LoggedInReactPages/Order (react)/VtrPrice1' located by 'By.xpath: //html//div[@class='PricingOptionsContainer']/form/div[3]/div[2]' not found)"/>
         <system-out><![CDATA[2018-05-24 12:19:16 - [TEST_CASE][FAILED] - Test Cases/Affiliate - BuyVTRDealer: Test Cases/Affiliate - BuyVTRDealer FAILED because (of) Verify element text of test object 'Object Repository/LoggedInReactPages/Order (react)/VtrPrice1' FAILED. (Root cause: com.kms.katalon.core.webui.exception.WebElementNotFoundException: Web element with id: 'Object Repository/LoggedInReactPages/Order (react)/VtrPrice1' located by 'By.xpath: //html//div[@class='PricingOptionsContainer']/form/div[3]/div[2]' not found)

2018-05-24 12:19:16 - [TEST_STEP][PASSED] - openBrowser: Browser is opened with url: ''

2018-05-24 12:19:16 - [MESSAGE][WARNING] - A browser is already opened. Closing browser and opening a new one

2018-05-24 12:19:19 - [MESSAGE][PASSED] - Browser is opened with url: ''

2018-05-24 12:19:19 - [TEST_STEP][PASSED] - maximizeWindow: Current window maximized

2018-05-24 12:19:20 - [MESSAGE][PASSED] - Current window maximized

2018-05-24 12:19:20 - [TEST_STEP][PASSED] - Statement - OrderURL = com.kms.katalon.core.webui.keyword.WebUiBuiltInKeywords.concatenate([StagingReact, AffiliateURL, "order/"]): Concatenated string array: '['https://staging.instavin.com/','null','order/']' into 'https://staging.instavin.com/nullorder/'

2018-05-24 12:19:20 - [MESSAGE][PASSED] - Concatenated string array: '['https://staging.instavin.com/','null','order/']' into 'https://staging.instavin.com/nullorder/'

2018-05-24 12:19:20 - [TEST_STEP][PASSED] - navigateToUrl: Navigate to 'https://staging.instavin.com/nullorder/' successfully

2018-05-24 12:19:22 - [MESSAGE][PASSED] - Navigate to 'https://staging.instavin.com/nullorder/' successfully

2018-05-24 12:19:22 - [TEST_STEP][PASSED] - waitForElementVisible: Web element with id: 'Object Repository/LoggedInReactPages/Order (react)/instaVINProducts_Label' located by 'By.xpath: //h1[contains(text(),'instaVIN Report Options')]' not found

2018-05-24 12:19:22 - [MESSAGE][WARNING] - Timeout '0' is invalid. Using default page load timeout: '30'

2018-05-24 12:19:54 - [MESSAGE][WARNING] - Web element with id: 'Object Repository/LoggedInReactPages/Order (react)/instaVINProducts_Label' located by 'By.xpath: //h1[contains(text(),'instaVIN Report Options')]' not found

2018-05-24 12:19:54 - [TEST_STEP][FAILED] - verifyElementText: Verify element text of test object 'Object Repository/LoggedInReactPages/Order (react)/VtrPrice1' FAILED. (Root cause: com.kms.katalon.core.webui.exception.WebElementNotFoundException: Web element with id: 'Object Repository/LoggedInReactPages/Order (react)/VtrPrice1' located by 'By.xpath: //html//div[@class='PricingOptionsContainer']/form/div[3]/div[2]' not found)

2018-05-24 12:20:25 - [MESSAGE][FAILED] - com.kms.katalon.core.webui.exception.WebElementNotFoundException: Web element with id: 'Object Repository/LoggedInReactPages/Order (react)/VtrPrice1' located by 'By.xpath: //html//div[@class='PricingOptionsContainer']/form/div[3]/div[2]' not found
[[ATTACHMENT|C:\\Projects\\instaVIN\\tests\\instaVIN\\Reports\\Staging Smoke Test Suite\\20180524_121726\\1527153625589.png]]

2018-05-24 12:20:26 - [MESSAGE][FAILED] - Verify element text of test object 'Object Repository/LoggedInReactPages/Order (react)/VtrPrice1' FAILED. (Root cause: com.kms.katalon.core.webui.exception.WebElementNotFoundException: Web element with id: 'Object Repository/LoggedInReactPages/Order (react)/VtrPrice1' located by 'By.xpath: //html//div[@class='PricingOptionsContainer']/form/div[3]/div[2]' not found)
[[ATTACHMENT|C:\\Projects\\instaVIN\\tests\\instaVIN\\Reports\\Staging Smoke Test Suite\\20180524_121726\\1527153625960.png]]]]></system-out>
         <system-err><![CDATA[2018-05-24 12:19:16 - [TEST_CASE][FAILED] - Test Cases/Affiliate - BuyVTRDealer: Test Cases/Affiliate - BuyVTRDealer FAILED because (of) Verify element text of test object 'Object Repository/LoggedInReactPages/Order (react)/VtrPrice1' FAILED. (Root cause: com.kms.katalon.core.webui.exception.WebElementNotFoundException: Web element with id: 'Object Repository/LoggedInReactPages/Order (react)/VtrPrice1' located by 'By.xpath: //html//div[@class='PricingOptionsContainer']/form/div[3]/div[2]' not found)]]></system-err>
      </testcase>
      <testcase name="Test Cases/Affiliate - BuyVTRCaDealer" classname="Test Cases/Affiliate - BuyVTRCaDealer" status="FAILED">
         <failure type="FAILED" message="Verify element text of test object 'Object Repository/LoggedInReactPages/Order (react)/VtrPrice1' FAILED. (Root cause: com.kms.katalon.core.webui.exception.WebElementNotFoundException: Web element with id: 'Object Repository/LoggedInReactPages/Order (react)/VtrPrice1' located by 'By.xpath: //html//div[@class='PricingOptionsContainer']/form/div[3]/div[2]' not found)"/>
         <system-out><![CDATA[2018-05-24 12:20:26 - [TEST_CASE][FAILED] - Test Cases/Affiliate - BuyVTRCaDealer: Test Cases/Affiliate - BuyVTRCaDealer FAILED because (of) Verify element text of test object 'Object Repository/LoggedInReactPages/Order (react)/VtrPrice1' FAILED. (Root cause: com.kms.katalon.core.webui.exception.WebElementNotFoundException: Web element with id: 'Object Repository/LoggedInReactPages/Order (react)/VtrPrice1' located by 'By.xpath: //html//div[@class='PricingOptionsContainer']/form/div[3]/div[2]' not found)

2018-05-24 12:20:26 - [TEST_STEP][PASSED] - openBrowser: Browser is opened with url: ''

2018-05-24 12:20:26 - [MESSAGE][WARNING] - A browser is already opened. Closing browser and opening a new one

2018-05-24 12:20:29 - [MESSAGE][PASSED] - Browser is opened with url: ''

2018-05-24 12:20:29 - [TEST_STEP][PASSED] - maximizeWindow: Current window maximized

2018-05-24 12:20:30 - [MESSAGE][PASSED] - Current window maximized

2018-05-24 12:20:30 - [TEST_STEP][PASSED] - Statement - OrderURL = com.kms.katalon.core.webui.keyword.WebUiBuiltInKeywords.concatenate([StagingReact, AffiliateURL, "order/"]): Concatenated string array: '['https://staging.instavin.com/','null','order/']' into 'https://staging.instavin.com/nullorder/'

2018-05-24 12:20:30 - [MESSAGE][PASSED] - Concatenated string array: '['https://staging.instavin.com/','null','order/']' into 'https://staging.instavin.com/nullorder/'

2018-05-24 12:20:30 - [TEST_STEP][PASSED] - navigateToUrl: Navigate to 'https://staging.instavin.com/nullorder/' successfully

2018-05-24 12:20:32 - [MESSAGE][PASSED] - Navigate to 'https://staging.instavin.com/nullorder/' successfully

2018-05-24 12:20:32 - [TEST_STEP][PASSED] - waitForElementVisible: Web element with id: 'Object Repository/LoggedInReactPages/Order (react)/instaVINProducts_Label' located by 'By.xpath: //h1[contains(text(),'instaVIN Report Options')]' not found

2018-05-24 12:20:32 - [MESSAGE][WARNING] - Timeout '0' is invalid. Using default page load timeout: '30'

2018-05-24 12:21:04 - [MESSAGE][WARNING] - Web element with id: 'Object Repository/LoggedInReactPages/Order (react)/instaVINProducts_Label' located by 'By.xpath: //h1[contains(text(),'instaVIN Report Options')]' not found

2018-05-24 12:21:04 - [TEST_STEP][FAILED] - verifyElementText: Verify element text of test object 'Object Repository/LoggedInReactPages/Order (react)/VtrPrice1' FAILED. (Root cause: com.kms.katalon.core.webui.exception.WebElementNotFoundException: Web element with id: 'Object Repository/LoggedInReactPages/Order (react)/VtrPrice1' located by 'By.xpath: //html//div[@class='PricingOptionsContainer']/form/div[3]/div[2]' not found)

2018-05-24 12:21:36 - [MESSAGE][FAILED] - com.kms.katalon.core.webui.exception.WebElementNotFoundException: Web element with id: 'Object Repository/LoggedInReactPages/Order (react)/VtrPrice1' located by 'By.xpath: //html//div[@class='PricingOptionsContainer']/form/div[3]/div[2]' not found
[[ATTACHMENT|C:\\Projects\\instaVIN\\tests\\instaVIN\\Reports\\Staging Smoke Test Suite\\20180524_121726\\1527153695736.png]]

2018-05-24 12:21:36 - [MESSAGE][FAILED] - Verify element text of test object 'Object Repository/LoggedInReactPages/Order (react)/VtrPrice1' FAILED. (Root cause: com.kms.katalon.core.webui.exception.WebElementNotFoundException: Web element with id: 'Object Repository/LoggedInReactPages/Order (react)/VtrPrice1' located by 'By.xpath: //html//div[@class='PricingOptionsContainer']/form/div[3]/div[2]' not found)
[[ATTACHMENT|C:\\Projects\\instaVIN\\tests\\instaVIN\\Reports\\Staging Smoke Test Suite\\20180524_121726\\1527153696096.png]]]]></system-out>
         <system-err><![CDATA[2018-05-24 12:20:26 - [TEST_CASE][FAILED] - Test Cases/Affiliate - BuyVTRCaDealer: Test Cases/Affiliate - BuyVTRCaDealer FAILED because (of) Verify element text of test object 'Object Repository/LoggedInReactPages/Order (react)/VtrPrice1' FAILED. (Root cause: com.kms.katalon.core.webui.exception.WebElementNotFoundException: Web element with id: 'Object Repository/LoggedInReactPages/Order (react)/VtrPrice1' located by 'By.xpath: //html//div[@class='PricingOptionsContainer']/form/div[3]/div[2]' not found)]]></system-err>
      </testcase>
      <testcase name="Test Cases/Salesman - BuyVtrCaDealer" classname="Test Cases/Salesman - BuyVtrCaDealer" status="FAILED">
         <failure type="FAILED" message="Verify element text of test object 'Object Repository/LoggedInReactPages/Order (react)/VtrPrice1' FAILED. (Root cause: com.kms.katalon.core.webui.exception.WebElementNotFoundException: Web element with id: 'Object Repository/LoggedInReactPages/Order (react)/VtrPrice1' located by 'By.xpath: //html//div[@class='PricingOptionsContainer']/form/div[3]/div[2]' not found)"/>
         <system-out><![CDATA[2018-05-24 12:21:36 - [TEST_CASE][FAILED] - Test Cases/Salesman - BuyVtrCaDealer: Test Cases/Salesman - BuyVtrCaDealer FAILED because (of) Verify element text of test object 'Object Repository/LoggedInReactPages/Order (react)/VtrPrice1' FAILED. (Root cause: com.kms.katalon.core.webui.exception.WebElementNotFoundException: Web element with id: 'Object Repository/LoggedInReactPages/Order (react)/VtrPrice1' located by 'By.xpath: //html//div[@class='PricingOptionsContainer']/form/div[3]/div[2]' not found)

2018-05-24 12:21:36 - [TEST_STEP][PASSED] - openBrowser: Browser is opened with url: ''

2018-05-24 12:21:36 - [MESSAGE][WARNING] - A browser is already opened. Closing browser and opening a new one

2018-05-24 12:21:39 - [MESSAGE][PASSED] - Browser is opened with url: ''

2018-05-24 12:21:39 - [TEST_STEP][PASSED] - maximizeWindow: Current window maximized

2018-05-24 12:21:40 - [MESSAGE][PASSED] - Current window maximized

2018-05-24 12:21:40 - [TEST_STEP][PASSED] - Statement - OrderURL = com.kms.katalon.core.webui.keyword.WebUiBuiltInKeywords.concatenate([StagingReact, SalesmanURL, "order/"]): Concatenated string array: '['https://staging.instavin.com/','null','order/']' into 'https://staging.instavin.com/nullorder/'

2018-05-24 12:21:40 - [MESSAGE][PASSED] - Concatenated string array: '['https://staging.instavin.com/','null','order/']' into 'https://staging.instavin.com/nullorder/'

2018-05-24 12:21:40 - [TEST_STEP][PASSED] - navigateToUrl: Navigate to 'https://staging.instavin.com/nullorder/' successfully

2018-05-24 12:21:42 - [MESSAGE][PASSED] - Navigate to 'https://staging.instavin.com/nullorder/' successfully

2018-05-24 12:21:42 - [TEST_STEP][PASSED] - waitForElementVisible: Web element with id: 'Object Repository/LoggedInReactPages/Order (react)/instaVINProducts_Label' located by 'By.xpath: //h1[contains(text(),'instaVIN Report Options')]' not found

2018-05-24 12:21:42 - [MESSAGE][WARNING] - Timeout '0' is invalid. Using default page load timeout: '30'

2018-05-24 12:22:14 - [MESSAGE][WARNING] - Web element with id: 'Object Repository/LoggedInReactPages/Order (react)/instaVINProducts_Label' located by 'By.xpath: //h1[contains(text(),'instaVIN Report Options')]' not found

2018-05-24 12:22:14 - [TEST_STEP][FAILED] - verifyElementText: Verify element text of test object 'Object Repository/LoggedInReactPages/Order (react)/VtrPrice1' FAILED. (Root cause: com.kms.katalon.core.webui.exception.WebElementNotFoundException: Web element with id: 'Object Repository/LoggedInReactPages/Order (react)/VtrPrice1' located by 'By.xpath: //html//div[@class='PricingOptionsContainer']/form/div[3]/div[2]' not found)

2018-05-24 12:22:46 - [MESSAGE][FAILED] - com.kms.katalon.core.webui.exception.WebElementNotFoundException: Web element with id: 'Object Repository/LoggedInReactPages/Order (react)/VtrPrice1' located by 'By.xpath: //html//div[@class='PricingOptionsContainer']/form/div[3]/div[2]' not found
[[ATTACHMENT|C:\\Projects\\instaVIN\\tests\\instaVIN\\Reports\\Staging Smoke Test Suite\\20180524_121726\\1527153765740.png]]

2018-05-24 12:22:46 - [MESSAGE][FAILED] - Verify element text of test object 'Object Repository/LoggedInReactPages/Order (react)/VtrPrice1' FAILED. (Root cause: com.kms.katalon.core.webui.exception.WebElementNotFoundException: Web element with id: 'Object Repository/LoggedInReactPages/Order (react)/VtrPrice1' located by 'By.xpath: //html//div[@class='PricingOptionsContainer']/form/div[3]/div[2]' not found)
[[ATTACHMENT|C:\\Projects\\instaVIN\\tests\\instaVIN\\Reports\\Staging Smoke Test Suite\\20180524_121726\\1527153766092.png]]]]></system-out>
         <system-err><![CDATA[2018-05-24 12:21:36 - [TEST_CASE][FAILED] - Test Cases/Salesman - BuyVtrCaDealer: Test Cases/Salesman - BuyVtrCaDealer FAILED because (of) Verify element text of test object 'Object Repository/LoggedInReactPages/Order (react)/VtrPrice1' FAILED. (Root cause: com.kms.katalon.core.webui.exception.WebElementNotFoundException: Web element with id: 'Object Repository/LoggedInReactPages/Order (react)/VtrPrice1' located by 'By.xpath: //html//div[@class='PricingOptionsContainer']/form/div[3]/div[2]' not found)]]></system-err>
      </testcase>
      <testcase name="Test Cases/Salesman - BuyVTRConsumer" classname="Test Cases/Salesman - BuyVTRConsumer" status="FAILED">
         <failure type="FAILED" message="Verify element text of test object 'Object Repository/LoggedInReactPages/Order (react)/VtrPrice1' FAILED. (Root cause: com.kms.katalon.core.webui.exception.WebElementNotFoundException: Web element with id: 'Object Repository/LoggedInReactPages/Order (react)/VtrPrice1' located by 'By.xpath: //html//div[@class='PricingOptionsContainer']/form/div[3]/div[2]' not found)"/>
         <system-out><![CDATA[2018-05-24 12:22:46 - [TEST_CASE][FAILED] - Test Cases/Salesman - BuyVTRConsumer: Test Cases/Salesman - BuyVTRConsumer FAILED because (of) Verify element text of test object 'Object Repository/LoggedInReactPages/Order (react)/VtrPrice1' FAILED. (Root cause: com.kms.katalon.core.webui.exception.WebElementNotFoundException: Web element with id: 'Object Repository/LoggedInReactPages/Order (react)/VtrPrice1' located by 'By.xpath: //html//div[@class='PricingOptionsContainer']/form/div[3]/div[2]' not found)

2018-05-24 12:22:46 - [TEST_STEP][PASSED] - openBrowser: Browser is opened with url: ''

2018-05-24 12:22:46 - [MESSAGE][WARNING] - A browser is already opened. Closing browser and opening a new one

2018-05-24 12:22:49 - [MESSAGE][PASSED] - Browser is opened with url: ''

2018-05-24 12:22:49 - [TEST_STEP][PASSED] - maximizeWindow: Current window maximized

2018-05-24 12:22:50 - [MESSAGE][PASSED] - Current window maximized

2018-05-24 12:22:50 - [TEST_STEP][PASSED] - Statement - OrderURL = com.kms.katalon.core.webui.keyword.WebUiBuiltInKeywords.concatenate([StagingReact, SalesmanURL, "order/"]): Concatenated string array: '['https://staging.instavin.com/','null','order/']' into 'https://staging.instavin.com/nullorder/'

2018-05-24 12:22:50 - [MESSAGE][PASSED] - Concatenated string array: '['https://staging.instavin.com/','null','order/']' into 'https://staging.instavin.com/nullorder/'

2018-05-24 12:22:50 - [TEST_STEP][PASSED] - navigateToUrl: Navigate to 'https://staging.instavin.com/nullorder/' successfully

2018-05-24 12:22:54 - [MESSAGE][PASSED] - Navigate to 'https://staging.instavin.com/nullorder/' successfully

2018-05-24 12:22:54 - [TEST_STEP][PASSED] - waitForElementVisible: Web element with id: 'Object Repository/LoggedInReactPages/Order (react)/instaVINProducts_Label' located by 'By.xpath: //h1[contains(text(),'instaVIN Report Options')]' not found

2018-05-24 12:22:54 - [MESSAGE][WARNING] - Timeout '0' is invalid. Using default page load timeout: '30'

2018-05-24 12:23:25 - [MESSAGE][WARNING] - Web element with id: 'Object Repository/LoggedInReactPages/Order (react)/instaVINProducts_Label' located by 'By.xpath: //h1[contains(text(),'instaVIN Report Options')]' not found

2018-05-24 12:23:25 - [TEST_STEP][FAILED] - verifyElementText: Verify element text of test object 'Object Repository/LoggedInReactPages/Order (react)/VtrPrice1' FAILED. (Root cause: com.kms.katalon.core.webui.exception.WebElementNotFoundException: Web element with id: 'Object Repository/LoggedInReactPages/Order (react)/VtrPrice1' located by 'By.xpath: //html//div[@class='PricingOptionsContainer']/form/div[3]/div[2]' not found)

2018-05-24 12:23:57 - [MESSAGE][FAILED] - com.kms.katalon.core.webui.exception.WebElementNotFoundException: Web element with id: 'Object Repository/LoggedInReactPages/Order (react)/VtrPrice1' located by 'By.xpath: //html//div[@class='PricingOptionsContainer']/form/div[3]/div[2]' not found
[[ATTACHMENT|C:\\Projects\\instaVIN\\tests\\instaVIN\\Reports\\Staging Smoke Test Suite\\20180524_121726\\1527153837200.png]]

2018-05-24 12:23:57 - [MESSAGE][FAILED] - Verify element text of test object 'Object Repository/LoggedInReactPages/Order (react)/VtrPrice1' FAILED. (Root cause: com.kms.katalon.core.webui.exception.WebElementNotFoundException: Web element with id: 'Object Repository/LoggedInReactPages/Order (react)/VtrPrice1' located by 'By.xpath: //html//div[@class='PricingOptionsContainer']/form/div[3]/div[2]' not found)
[[ATTACHMENT|C:\\Projects\\instaVIN\\tests\\instaVIN\\Reports\\Staging Smoke Test Suite\\20180524_121726\\1527153837587.png]]]]></system-out>
         <system-err><![CDATA[2018-05-24 12:22:46 - [TEST_CASE][FAILED] - Test Cases/Salesman - BuyVTRConsumer: Test Cases/Salesman - BuyVTRConsumer FAILED because (of) Verify element text of test object 'Object Repository/LoggedInReactPages/Order (react)/VtrPrice1' FAILED. (Root cause: com.kms.katalon.core.webui.exception.WebElementNotFoundException: Web element with id: 'Object Repository/LoggedInReactPages/Order (react)/VtrPrice1' located by 'By.xpath: //html//div[@class='PricingOptionsContainer']/form/div[3]/div[2]' not found)]]></system-err>
      </testcase>
      <testcase name="Test Cases/Salesman - BuyVTRDealer" classname="Test Cases/Salesman - BuyVTRDealer" status="FAILED">
         <failure type="FAILED" message="Verify element text of test object 'Object Repository/LoggedInReactPages/Order (react)/VtrPrice1' FAILED. (Root cause: com.kms.katalon.core.webui.exception.WebElementNotFoundException: Web element with id: 'Object Repository/LoggedInReactPages/Order (react)/VtrPrice1' located by 'By.xpath: //html//div[@class='PricingOptionsContainer']/form/div[3]/div[2]' not found)"/>
         <system-out><![CDATA[2018-05-24 12:23:57 - [TEST_CASE][FAILED] - Test Cases/Salesman - BuyVTRDealer: Test Cases/Salesman - BuyVTRDealer FAILED because (of) Verify element text of test object 'Object Repository/LoggedInReactPages/Order (react)/VtrPrice1' FAILED. (Root cause: com.kms.katalon.core.webui.exception.WebElementNotFoundException: Web element with id: 'Object Repository/LoggedInReactPages/Order (react)/VtrPrice1' located by 'By.xpath: //html//div[@class='PricingOptionsContainer']/form/div[3]/div[2]' not found)

2018-05-24 12:23:58 - [TEST_STEP][PASSED] - openBrowser: Browser is opened with url: ''

2018-05-24 12:23:58 - [MESSAGE][WARNING] - A browser is already opened. Closing browser and opening a new one

2018-05-24 12:24:01 - [MESSAGE][PASSED] - Browser is opened with url: ''

2018-05-24 12:24:01 - [TEST_STEP][PASSED] - maximizeWindow: Current window maximized

2018-05-24 12:24:02 - [MESSAGE][PASSED] - Current window maximized

2018-05-24 12:24:02 - [TEST_STEP][PASSED] - Statement - OrderURL = com.kms.katalon.core.webui.keyword.WebUiBuiltInKeywords.concatenate([StagingReact, SalesmanURL, "order/"]): Concatenated string array: '['https://staging.instavin.com/','null','order/']' into 'https://staging.instavin.com/nullorder/'

2018-05-24 12:24:02 - [MESSAGE][PASSED] - Concatenated string array: '['https://staging.instavin.com/','null','order/']' into 'https://staging.instavin.com/nullorder/'

2018-05-24 12:24:02 - [TEST_STEP][PASSED] - navigateToUrl: Navigate to 'https://staging.instavin.com/nullorder/' successfully

2018-05-24 12:24:04 - [MESSAGE][PASSED] - Navigate to 'https://staging.instavin.com/nullorder/' successfully

2018-05-24 12:24:04 - [TEST_STEP][PASSED] - waitForElementVisible: Web element with id: 'Object Repository/LoggedInReactPages/Order (react)/instaVINProducts_Label' located by 'By.xpath: //h1[contains(text(),'instaVIN Report Options')]' not found

2018-05-24 12:24:04 - [MESSAGE][WARNING] - Timeout '0' is invalid. Using default page load timeout: '30'

2018-05-24 12:24:35 - [MESSAGE][WARNING] - Web element with id: 'Object Repository/LoggedInReactPages/Order (react)/instaVINProducts_Label' located by 'By.xpath: //h1[contains(text(),'instaVIN Report Options')]' not found

2018-05-24 12:24:35 - [TEST_STEP][FAILED] - verifyElementText: Verify element text of test object 'Object Repository/LoggedInReactPages/Order (react)/VtrPrice1' FAILED. (Root cause: com.kms.katalon.core.webui.exception.WebElementNotFoundException: Web element with id: 'Object Repository/LoggedInReactPages/Order (react)/VtrPrice1' located by 'By.xpath: //html//div[@class='PricingOptionsContainer']/form/div[3]/div[2]' not found)

2018-05-24 12:25:07 - [MESSAGE][FAILED] - com.kms.katalon.core.webui.exception.WebElementNotFoundException: Web element with id: 'Object Repository/LoggedInReactPages/Order (react)/VtrPrice1' located by 'By.xpath: //html//div[@class='PricingOptionsContainer']/form/div[3]/div[2]' not found
[[ATTACHMENT|C:\\Projects\\instaVIN\\tests\\instaVIN\\Reports\\Staging Smoke Test Suite\\20180524_121726\\1527153907218.png]]

2018-05-24 12:25:07 - [MESSAGE][FAILED] - Verify element text of test object 'Object Repository/LoggedInReactPages/Order (react)/VtrPrice1' FAILED. (Root cause: com.kms.katalon.core.webui.exception.WebElementNotFoundException: Web element with id: 'Object Repository/LoggedInReactPages/Order (react)/VtrPrice1' located by 'By.xpath: //html//div[@class='PricingOptionsContainer']/form/div[3]/div[2]' not found)
[[ATTACHMENT|C:\\Projects\\instaVIN\\tests\\instaVIN\\Reports\\Staging Smoke Test Suite\\20180524_121726\\1527153907582.png]]]]></system-out>
         <system-err><![CDATA[2018-05-24 12:23:57 - [TEST_CASE][FAILED] - Test Cases/Salesman - BuyVTRDealer: Test Cases/Salesman - BuyVTRDealer FAILED because (of) Verify element text of test object 'Object Repository/LoggedInReactPages/Order (react)/VtrPrice1' FAILED. (Root cause: com.kms.katalon.core.webui.exception.WebElementNotFoundException: Web element with id: 'Object Repository/LoggedInReactPages/Order (react)/VtrPrice1' located by 'By.xpath: //html//div[@class='PricingOptionsContainer']/form/div[3]/div[2]' not found)]]></system-err>
      </testcase>
      <system-out><![CDATA[2018-05-24 12:17:29 - [TEST_SUITE][FAILED] - Staging Smoke Test Suite: Test Cases/SignUpConsumer - ValidFields FAILED because (of) Unable to set text 'null' of object 'Object Repository/LoggedOutReactPages/CreateAccount/CcNumber_Input' (Root cause: java.lang.IllegalArgumentException: Text is null)]]></system-out>
      <system-err><![CDATA[2018-05-24 12:17:29 - [TEST_SUITE][FAILED] - Staging Smoke Test Suite: Test Cases/SignUpConsumer - ValidFields FAILED because (of) Unable to set text 'null' of object 'Object Repository/LoggedOutReactPages/CreateAccount/CcNumber_Input' (Root cause: java.lang.IllegalArgumentException: Text is null)]]></system-err>
   </testsuite>
</testsuites>
